#! /usr/bin/vvp
:ivl_version "10.3 (stable)";
:ivl_delay_selection "TYPICAL";
:vpi_time_precision + 0;
:vpi_module "system";
:vpi_module "vhdl_sys";
:vpi_module "v2005_math";
:vpi_module "va_math";
S_0x562fe3e44030 .scope module, "top_module" "top_module" 2 1;
 .timescale 0 0;
    .port_info 0 /INPUT 1 "p1a"
    .port_info 1 /INPUT 1 "p2a"
    .port_info 2 /INPUT 1 "p2b"
    .port_info 3 /INPUT 1 "p2c"
    .port_info 4 /INPUT 1 "p2d"
    .port_info 5 /INPUT 1 "p1c"
    .port_info 6 /INPUT 1 "p1b"
    .port_info 7 /INPUT 1 "p1f"
    .port_info 8 /INPUT 1 "p1e"
    .port_info 9 /INPUT 1 "p1d"
    .port_info 10 /OUTPUT 1 "p2y"
    .port_info 11 /OUTPUT 1 "p1y"
o0x7f5fa8d69138 .functor BUFZ 1, C4<z>; HiZ drive
o0x7f5fa8d69168 .functor BUFZ 1, C4<z>; HiZ drive
L_0x562fe3e7a560 .functor AND 1, o0x7f5fa8d69138, o0x7f5fa8d69168, C4<1>, C4<1>;
o0x7f5fa8d69198 .functor BUFZ 1, C4<z>; HiZ drive
L_0x562fe3e8c890 .functor AND 1, L_0x562fe3e7a560, o0x7f5fa8d69198, C4<1>, C4<1>;
o0x7f5fa8d691c8 .functor BUFZ 1, C4<z>; HiZ drive
o0x7f5fa8d691f8 .functor BUFZ 1, C4<z>; HiZ drive
L_0x562fe3e8c900 .functor AND 1, o0x7f5fa8d691c8, o0x7f5fa8d691f8, C4<1>, C4<1>;
o0x7f5fa8d69228 .functor BUFZ 1, C4<z>; HiZ drive
L_0x562fe3e8ca00 .functor AND 1, L_0x562fe3e8c900, o0x7f5fa8d69228, C4<1>, C4<1>;
o0x7f5fa8d69288 .functor BUFZ 1, C4<z>; HiZ drive
o0x7f5fa8d692b8 .functor BUFZ 1, C4<z>; HiZ drive
L_0x562fe3e8cb20 .functor AND 1, o0x7f5fa8d69288, o0x7f5fa8d692b8, C4<1>, C4<1>;
o0x7f5fa8d692e8 .functor BUFZ 1, C4<z>; HiZ drive
o0x7f5fa8d69318 .functor BUFZ 1, C4<z>; HiZ drive
L_0x562fe3e8cc20 .functor AND 1, o0x7f5fa8d692e8, o0x7f5fa8d69318, C4<1>, C4<1>;
L_0x562fe3e8cd60 .functor OR 1, L_0x562fe3e8c890, L_0x562fe3e8ca00, C4<0>, C4<0>;
L_0x562fe3e8ce70 .functor OR 1, L_0x562fe3e8cb20, L_0x562fe3e8cc20, C4<0>, C4<0>;
v0x562fe3e442e0_0 .net *"_s0", 0 0, L_0x562fe3e7a560;  1 drivers
v0x562fe3e8b7d0_0 .net *"_s4", 0 0, L_0x562fe3e8c900;  1 drivers
v0x562fe3e8b8b0_0 .net "ab2", 0 0, L_0x562fe3e8cb20;  1 drivers
v0x562fe3e8b950_0 .net "abc1", 0 0, L_0x562fe3e8c890;  1 drivers
v0x562fe3e8ba10_0 .net "cd2", 0 0, L_0x562fe3e8cc20;  1 drivers
v0x562fe3e8bb20_0 .net "def1", 0 0, L_0x562fe3e8ca00;  1 drivers
v0x562fe3e8bbe0_0 .net "p1a", 0 0, o0x7f5fa8d69138;  0 drivers
v0x562fe3e8bca0_0 .net "p1b", 0 0, o0x7f5fa8d69168;  0 drivers
v0x562fe3e8bd60_0 .net "p1c", 0 0, o0x7f5fa8d69198;  0 drivers
v0x562fe3e8beb0_0 .net "p1d", 0 0, o0x7f5fa8d691c8;  0 drivers
v0x562fe3e8bf70_0 .net "p1e", 0 0, o0x7f5fa8d691f8;  0 drivers
v0x562fe3e8c030_0 .net "p1f", 0 0, o0x7f5fa8d69228;  0 drivers
v0x562fe3e8c0f0_0 .net "p1y", 0 0, L_0x562fe3e8cd60;  1 drivers
v0x562fe3e8c1b0_0 .net "p2a", 0 0, o0x7f5fa8d69288;  0 drivers
v0x562fe3e8c270_0 .net "p2b", 0 0, o0x7f5fa8d692b8;  0 drivers
v0x562fe3e8c330_0 .net "p2c", 0 0, o0x7f5fa8d692e8;  0 drivers
v0x562fe3e8c3f0_0 .net "p2d", 0 0, o0x7f5fa8d69318;  0 drivers
v0x562fe3e8c5c0_0 .net "p2y", 0 0, L_0x562fe3e8ce70;  1 drivers
# The file index is used to find the file name in the following table.
:file_names 3;
    "N/A";
    "<interactive>";
    "7458.v";
